生成启动时间为 2014/2/27 21:34:57。
     1>项目“D:\Program\Caser_QJT12084124\Caser_QJT12084124\Caser_QJT12084124.vcxproj”在节点 2 上(build 个目标)。
     1>InitializeBuildStatus:
         正在对“Release\Caser_QJT12084124.unsuccessfulbuild”执行 Touch 任务。
       ClCompile:
         所有输出均为最新。
         D:\Program Files (x86)\Microsoft Visual Studio 10.0\VC\bin\CL.exe /c /Zi /nologo /W3 /WX- /O2 /Oi /Oy- /GL /D WIN32 /D _WINDOWS /D NDEBUG /D _AFXDLL /Gm- /EHsc /MD /GS /Gy /fp:precise /Zc:wchar_t /Zc:forScope /Yc"StdAfx.h" /Fp"Release\Caser_QJT12084124.pch" /Fo"Release\\" /Fd"Release\vc100.pdb" /Gd /TP /analyze- /errorReport:prompt stdafx.cpp
         stdafx.cpp
         D:\Program Files (x86)\Microsoft Visual Studio 10.0\VC\bin\CL.exe /c /Zi /nologo /W3 /WX- /O2 /Oi /Oy- /GL /D WIN32 /D _WINDOWS /D NDEBUG /D _AFXDLL /Gm- /EHsc /MD /GS /Gy /fp:precise /Zc:wchar_t /Zc:forScope /Yu"StdAfx.h" /Fp"Release\Caser_QJT12084124.pch" /Fo"Release\\" /Fd"Release\vc100.pdb" /Gd /TP /analyze- /errorReport:prompt Caser_QJT12084124.cpp Caser_QJT12084124Dlg.cpp
         Caser_QJT12084124.cpp
         Caser_QJT12084124Dlg.cpp
       ResourceCompile:
         C:\Program Files (x86)\Microsoft SDKs\Windows\v7.0A\bin\rc.exe /D NDEBUG /D _AFXDLL /l"0x0804" /IRelease\ /nologo /fo"Release\Caser_QJT12084124.res" Caser_QJT12084124.rc 
       Link:
         D:\Program Files (x86)\Microsoft Visual Studio 10.0\VC\bin\link.exe /ERRORREPORT:PROMPT /OUT:"D:\Program\Caser_QJT12084124\Release\Caser_QJT12084124.exe" /INCREMENTAL:NO /NOLOGO /MANIFEST /ManifestFile:"Release\Caser_QJT12084124.exe.intermediate.manifest" /MANIFESTUAC:"level='asInvoker' uiAccess='false'" /DEBUG /PDB:"D:\Program\Caser_QJT12084124\Release\Caser_QJT12084124.pdb" /SUBSYSTEM:WINDOWS /OPT:REF /OPT:ICF /LTCG /TLBID:1 /DYNAMICBASE /NXCOMPAT /IMPLIB:"D:\Program\Caser_QJT12084124\Release\Caser_QJT12084124.lib" /MACHINE:X86 Release\Caser_QJT12084124.res
         Release\Caser_QJT12084124.obj
         Release\Caser_QJT12084124Dlg.obj
         Release\stdafx.obj
         正在生成代码
         已完成代码的生成
         Caser_QJT12084124.vcxproj -> D:\Program\Caser_QJT12084124\Release\Caser_QJT12084124.exe
       Manifest:
         C:\Program Files (x86)\Microsoft SDKs\Windows\v7.0A\bin\mt.exe /nologo /verbose /outputresource:"D:\Program\Caser_QJT12084124\Release\Caser_QJT12084124.exe;#1" /manifest Release\Caser_QJT12084124.exe.intermediate.manifest "D:\Program Files (x86)\Microsoft Visual Studio 10.0\VC\Include\Manifest\dpiaware.manifest"
       FinalizeBuildStatus:
         正在删除文件“Release\Caser_QJT12084124.unsuccessfulbuild”。
         正在对“Release\Caser_QJT12084124.lastbuildstate”执行 Touch 任务。
     1>已完成生成项目“D:\Program\Caser_QJT12084124\Caser_QJT12084124\Caser_QJT12084124.vcxproj”(build 个目标)的操作。

生成成功。

已用时间 00:00:05.38
